<?xml version="1.0" encoding="UTF-8"?>
<!-- Generated by org.testng.reporters.JUnitReportReporter -->
<testsuite hostname="DESKTOP-KF4KNF8" failures="0" tests="10" name="MyTestCases" time="69.250" errors="0" timestamp="2024-11-11T17:01:19 EET" skipped="6">
  <testcase classname="MyTestCases" name="CheckTheEnglishLanguageIsDefault" time="6.843"/>
  <system-out/>
  <testcase classname="MyTestCases" name="RandomlyChangeTheLanguage" time="44.026"/>
  <system-out/>
  <testcase classname="MyTestCases" name="CheckThatThePageIsFullyLoaded" time="0.050"/>
  <system-out/>
  <testcase classname="MyTestCases" name="CheckTheSortOption" time="18.331"/>
  <system-out/>
  <testcase classname="MyTestCases" name="CheckContactNumber">
    <skipped/>
  </testcase> <!-- CheckContactNumber -->
  <system-out/>
  <testcase classname="MyTestCases" name="CheckDepatureDate">
    <skipped/>
  </testcase> <!-- CheckDepatureDate -->
  <system-out/>
  <testcase classname="MyTestCases" name="CheckTheDefaultCurrencyIsSAR">
    <skipped/>
  </testcase> <!-- CheckTheDefaultCurrencyIsSAR -->
  <system-out/>
  <testcase classname="MyTestCases" name="CheckReturnDate">
    <skipped/>
  </testcase> <!-- CheckReturnDate -->
  <system-out/>
  <testcase classname="MyTestCases" name="CheckHotelTabIsNotSelected">
    <skipped/>
  </testcase> <!-- CheckHotelTabIsNotSelected -->
  <system-out/>
  <testcase classname="MyTestCases" name="CheckQitafLogoIsThereInTheFooter">
    <skipped/>
  </testcase> <!-- CheckQitafLogoIsThereInTheFooter -->
  <system-out/>
</testsuite> <!-- MyTestCases -->
